This is pdfTeX, Version 3.14159265-2.6-1.40.16 (TeX Live 2015/Debian) (preloaded format=pdflatex 2016.6.18)  21 JUL 2016 17:05
entering extended mode
 restricted \write18 enabled.
 %&-line parsing enabled.
**Thesis.tex
(./Thesis.tex
LaTeX2e <2016/02/01>
Babel <3.9q> and hyphenation patterns for 3 language(s) loaded.
(./Thesis.cls
Document Class: Thesis 2007/22/02 v1.0 LaTeX document class
(/usr/share/texlive/texmf-dist/tex/latex/base/book.cls
Document Class: book 2014/09/29 v1.4h Standard LaTeX document class
(/usr/share/texlive/texmf-dist/tex/latex/base/bk11.clo
File: bk11.clo 2014/09/29 v1.4h Standard LaTeX file (size option)
)
\c@part=\count79
\c@chapter=\count80
\c@section=\count81
\c@subsection=\count82
\c@subsubsection=\count83
\c@paragraph=\count84
\c@subparagraph=\count85
\c@figure=\count86
\c@table=\count87
\abovecaptionskip=\skip41
\belowcaptionskip=\skip42
\bibindent=\dimen102
)
(/usr/share/texlive/texmf-dist/tex/latex/setspace/setspace.sty
Package: setspace 2011/12/19 v6.7a set line spacing
)
(/usr/share/texlive/texmf-dist/tex/latex/vmargin/vmargin.sty
Package: vmargin 2004/07/15 V2.5 set document margins (VK)

Package: vmargin 2004/07/15 V2.5 set document margins (VK)
\PaperWidth=\dimen103
\PaperHeight=\dimen104
) (/usr/share/texlive/texmf-dist/tex/latex/fancyhdr/fancyhdr.sty
\fancy@headwidth=\skip43
\f@ncyO@elh=\skip44
\f@ncyO@erh=\skip45
\f@ncyO@olh=\skip46
\f@ncyO@orh=\skip47
\f@ncyO@elf=\skip48
\f@ncyO@erf=\skip49
\f@ncyO@olf=\skip50
\f@ncyO@orf=\skip51
)
(/usr/share/texlive/texmf-dist/tex/latex/amsmath/amsmath.sty
Package: amsmath 2016/03/03 v2.15a AMS math features
\@mathmargin=\skip52

For additional information on amsmath, use the `?' option.
(/usr/share/texlive/texmf-dist/tex/latex/amsmath/amstext.sty
Package: amstext 2000/06/29 v2.01 AMS text

(/usr/share/texlive/texmf-dist/tex/latex/amsmath/amsgen.sty
File: amsgen.sty 1999/11/30 v2.0 generic functions
\@emptytoks=\toks14
\ex@=\dimen105
))
(/usr/share/texlive/texmf-dist/tex/latex/amsmath/amsbsy.sty
Package: amsbsy 1999/11/29 v1.2d Bold Symbols
\pmbraise@=\dimen106
)
(/usr/share/texlive/texmf-dist/tex/latex/amsmath/amsopn.sty
Package: amsopn 1999/12/14 v2.01 operator names
)
\inf@bad=\count88
LaTeX Info: Redefining \frac on input line 199.
\uproot@=\count89
\leftroot@=\count90
LaTeX Info: Redefining \overline on input line 297.
\classnum@=\count91
\DOTSCASE@=\count92
LaTeX Info: Redefining \ldots on input line 394.
LaTeX Info: Redefining \dots on input line 397.
LaTeX Info: Redefining \cdots on input line 518.
\Mathstrutbox@=\box26
\strutbox@=\box27
\big@size=\dimen107
LaTeX Font Info:    Redeclaring font encoding OML on input line 630.
LaTeX Font Info:    Redeclaring font encoding OMS on input line 631.
\macc@depth=\count93
\c@MaxMatrixCols=\count94
\dotsspace@=\muskip10
\c@parentequation=\count95
\dspbrk@lvl=\count96
\tag@help=\toks15
\row@=\count97
\column@=\count98
\maxfields@=\count99
\andhelp@=\toks16
\eqnshift@=\dimen108
\alignsep@=\dimen109
\tagshift@=\dimen110
\tagwidth@=\dimen111
\totwidth@=\dimen112
\lineht@=\dimen113
\@envbody=\toks17
\multlinegap=\skip53
\multlinetaggap=\skip54
\mathdisplay@stack=\toks18
LaTeX Info: Redefining \[ on input line 2735.
LaTeX Info: Redefining \] on input line 2736.
)
(/usr/share/texlive/texmf-dist/tex/latex/amsfonts/amsfonts.sty
Package: amsfonts 2013/01/14 v3.01 Basic AMSFonts support
\symAMSa=\mathgroup4
\symAMSb=\mathgroup5
LaTeX Font Info:    Overwriting math alphabet `\mathfrak' in version `bold'
(Font)                  U/euf/m/n --> U/euf/b/n on input line 106.
)
(/usr/share/texlive/texmf-dist/tex/latex/amsfonts/amssymb.sty
Package: amssymb 2013/01/14 v3.01 AMS font symbols
)
(/usr/share/texlive/texmf-dist/tex/latex/amsmath/amscd.sty
Package: amscd 1999/11/29 v2.0 AMS Commutatitive Diagrams
\athelp@=\toks19
\minaw@=\dimen114
\bigaw@=\dimen115
\minCDarrowwidth=\dimen116
)
(/usr/share/texlive/texmf-dist/tex/latex/amscls/amsthm.sty
Package: amsthm 2015/03/04 v2.20.2
\thm@style=\toks20
\thm@bodyfont=\toks21
\thm@headfont=\toks22
\thm@notefont=\toks23
\thm@headpunct=\toks24
\thm@preskip=\skip55
\thm@postskip=\skip56
\thm@headsep=\skip57
\dth@everypar=\toks25
)
(/usr/share/texlive/texmf-dist/tex/latex/tools/xspace.sty
Package: xspace 2014/10/28 v1.13 Space after command names (DPC,MH)
)
\c@example=\count100
\c@theorem=\count101

(/usr/share/texlive/texmf-dist/tex/latex/caption/caption.sty
Package: caption 2016/02/21 v3.3-144 Customizing captions (AR)

(/usr/share/texlive/texmf-dist/tex/latex/caption/caption3.sty
Package: caption3 2016/02/04 v1.7-139 caption3 kernel (AR)
Package caption3 Info: TeX engine: e-TeX on input line 67.

(/usr/share/texlive/texmf-dist/tex/latex/graphics/keyval.sty
Package: keyval 2014/10/28 v1.15 key=value parser (DPC)
\KV@toks@=\toks26
)
\captionmargin=\dimen117
\captionmargin@=\dimen118
\captionwidth=\dimen119
\caption@tempdima=\dimen120
\caption@indent=\dimen121
\caption@parindent=\dimen122
\caption@hangindent=\dimen123
)
\c@ContinuedFloat=\count102
)
(/usr/share/texlive/texmf-dist/tex/latex/graphics/graphicx.sty
Package: graphicx 2014/10/28 v1.0g Enhanced LaTeX Graphics (DPC,SPQR)

(/usr/share/texlive/texmf-dist/tex/latex/graphics/graphics.sty
Package: graphics 2016/01/03 v1.0q Standard LaTeX Graphics (DPC,SPQR)

(/usr/share/texlive/texmf-dist/tex/latex/graphics/trig.sty
Package: trig 2016/01/03 v1.10 sin cos tan (DPC)
)
(/usr/share/texlive/texmf-dist/tex/latex/latexconfig/graphics.cfg
File: graphics.cfg 2010/04/23 v1.9 graphics configuration of TeX Live
)
Package graphics Info: Driver file: pdftex.def on input line 95.

(/usr/share/texlive/texmf-dist/tex/latex/pdftex-def/pdftex.def
File: pdftex.def 2011/05/27 v0.06d Graphics/color for pdfTeX

(/usr/share/texlive/texmf-dist/tex/generic/oberdiek/infwarerr.sty
Package: infwarerr 2010/04/08 v1.3 Providing info/warning/error messages (HO)
)
(/usr/share/texlive/texmf-dist/tex/generic/oberdiek/ltxcmds.sty
Package: ltxcmds 2011/11/09 v1.22 LaTeX kernel commands for general use (HO)
)
\Gread@gobject=\count103
))
\Gin@req@height=\dimen124
\Gin@req@width=\dimen125
)
(/usr/share/texlive/texmf-dist/tex/latex/oberdiek/epstopdf.sty
Package: epstopdf 2010/02/09 v2.5 Conversion with epstopdf on the fly (HO)

(/usr/share/texlive/texmf-dist/tex/latex/oberdiek/epstopdf-base.sty
Package: epstopdf-base 2010/02/09 v2.5 Base part for package epstopdf

(/usr/share/texlive/texmf-dist/tex/latex/oberdiek/grfext.sty
Package: grfext 2010/08/19 v1.1 Manage graphics extensions (HO)

(/usr/share/texlive/texmf-dist/tex/generic/oberdiek/kvdefinekeys.sty
Package: kvdefinekeys 2011/04/07 v1.3 Define keys (HO)
))
(/usr/share/texlive/texmf-dist/tex/latex/oberdiek/kvoptions.sty
Package: kvoptions 2011/06/30 v3.11 Key value format for package options (HO)

(/usr/share/texlive/texmf-dist/tex/generic/oberdiek/kvsetkeys.sty
Package: kvsetkeys 2012/04/25 v1.16 Key value parser (HO)

(/usr/share/texlive/texmf-dist/tex/generic/oberdiek/etexcmds.sty
Package: etexcmds 2011/02/16 v1.5 Avoid name clashes with e-TeX commands (HO)

(/usr/share/texlive/texmf-dist/tex/generic/oberdiek/ifluatex.sty
Package: ifluatex 2010/03/01 v1.3 Provides the ifluatex switch (HO)
Package ifluatex Info: LuaTeX not detected.
)
Package etexcmds Info: Could not find \expanded.
(etexcmds)             That can mean that you are not using pdfTeX 1.50 or
(etexcmds)             that some package has redefined \expanded.
(etexcmds)             In the latter case, load this package earlier.
)))
(/usr/share/texlive/texmf-dist/tex/generic/oberdiek/pdftexcmds.sty
Package: pdftexcmds 2011/11/29 v0.20 Utility functions of pdfTeX for LuaTeX (HO
)

(/usr/share/texlive/texmf-dist/tex/generic/oberdiek/ifpdf.sty
Package: ifpdf 2011/01/30 v2.3 Provides the ifpdf switch (HO)
Package ifpdf Info: pdfTeX in PDF mode is detected.
)
Package pdftexcmds Info: LuaTeX not detected.
Package pdftexcmds Info: \pdf@primitive is available.
Package pdftexcmds Info: \pdf@ifprimitive is available.
Package pdftexcmds Info: \pdfdraftmode found.
)
Package grfext Info: Graphics extension search list:
(grfext)             [.png,.pdf,.jpg,.mps,.jpeg,.jbig2,.jb2,.PNG,.PDF,.JPG,.JPE
G,.JBIG2,.JB2,.eps]
(grfext)             \AppendGraphicsExtensions on input line 452.

(/usr/share/texlive/texmf-dist/tex/latex/latexconfig/epstopdf-sys.cfg
File: epstopdf-sys.cfg 2010/07/13 v1.3 Configuration of (r)epstopdf for TeX Liv
e
)))
(/usr/share/texlive/texmf-dist/tex/latex/subfigure/subfigure.sty
Package: subfigure 2002/03/15 v2.1.5 subfigure package
\subfigtopskip=\skip58
\subfigcapskip=\skip59
\subfigcaptopadj=\dimen126
\subfigbottomskip=\skip60
\subfigcapmargin=\dimen127
\subfiglabelskip=\skip61
\c@subfigure=\count104
\c@lofdepth=\count105
\c@subtable=\count106
\c@lotdepth=\count107

****************************************
* Local config file subfigure.cfg used *
****************************************
(/usr/share/texlive/texmf-dist/tex/latex/subfigure/subfigure.cfg)
\subfig@top=\skip62
\subfig@bottom=\skip63
)
(/usr/share/texlive/texmf-dist/tex/latex/booktabs/booktabs.sty
Package: booktabs 2005/04/14 v1.61803 publication quality tables
\heavyrulewidth=\dimen128
\lightrulewidth=\dimen129
\cmidrulewidth=\dimen130
\belowrulesep=\dimen131
\belowbottomsep=\dimen132
\aboverulesep=\dimen133
\abovetopsep=\dimen134
\cmidrulesep=\dimen135
\cmidrulekern=\dimen136
\defaultaddspace=\dimen137
\@cmidla=\count108
\@cmidlb=\count109
\@aboverulesep=\dimen138
\@belowrulesep=\dimen139
\@thisruleclass=\count110
\@lastruleclass=\count111
\@thisrulewidth=\dimen140
)
(/usr/share/texlive/texmf-dist/tex/latex/rotating/rotating.sty
Package: rotating 2009/03/28 v2.16a rotated objects in LaTeX

(/usr/share/texlive/texmf-dist/tex/latex/base/ifthen.sty
Package: ifthen 2014/09/29 v1.1c Standard LaTeX ifthen package (DPC)
)
\c@r@tfl@t=\count112
\rotFPtop=\skip64
\rotFPbot=\skip65
\rot@float@box=\box28
\rot@mess@toks=\toks27
)
(/usr/share/texlive/texmf-dist/tex/latex/listings/listings.sty
\lst@mode=\count113
\lst@gtempboxa=\box29
\lst@token=\toks28
\lst@length=\count114
\lst@currlwidth=\dimen141
\lst@column=\count115
\lst@pos=\count116
\lst@lostspace=\dimen142
\lst@width=\dimen143
\lst@newlines=\count117
\lst@lineno=\count118
\lst@maxwidth=\dimen144
 (./lstpatch.sty

***
*** This is a patch for listings 1.3, but you're using
*** version 1.6.
***
*** Patch file not loaded.
***

) (/usr/share/texlive/texmf-dist/tex/latex/listings/lstmisc.sty
File: lstmisc.sty 2015/06/04 1.6 (Carsten Heinz)
\c@lstnumber=\count119
\lst@skipnumbers=\count120
\lst@framebox=\box30
)
(/usr/share/texlive/texmf-dist/tex/latex/listings/listings.cfg
File: listings.cfg 2015/06/04 1.6 listings configuration
))
Package: listings 2015/06/04 1.6 (Carsten Heinz)

(./lstpatch.sty

***
*** This is a patch for listings 1.3, but you're using
*** version 1.6.
***
 *** Patch file not loaded.
***

) (/usr/share/texlive/texmf-dist/tex/latex/hyperref/hyperref.sty
Package: hyperref 2012/11/06 v6.83m Hypertext links for LaTeX

(/usr/share/texlive/texmf-dist/tex/generic/oberdiek/hobsub-hyperref.sty
Package: hobsub-hyperref 2012/05/28 v1.13 Bundle oberdiek, subset hyperref (HO)


(/usr/share/texlive/texmf-dist/tex/generic/oberdiek/hobsub-generic.sty
Package: hobsub-generic 2012/05/28 v1.13 Bundle oberdiek, subset generic (HO)
Package: hobsub 2012/05/28 v1.13 Construct package bundles (HO)
Package hobsub Info: Skipping package `infwarerr' (already loaded).
Package hobsub Info: Skipping package `ltxcmds' (already loaded).
Package hobsub Info: Skipping package `ifluatex' (already loaded).
Package: ifvtex 2010/03/01 v1.5 Detect VTeX and its facilities (HO)
Package ifvtex Info: VTeX not detected.
Package: intcalc 2007/09/27 v1.1 Expandable calculations with integers (HO)
Package hobsub Info: Skipping package `ifpdf' (already loaded).
Package hobsub Info: Skipping package `etexcmds' (already loaded).
Package hobsub Info: Skipping package `kvsetkeys' (already loaded).
Package hobsub Info: Skipping package `kvdefinekeys' (already loaded).
Package hobsub Info: Skipping package `pdftexcmds' (already loaded).
Package: pdfescape 2011/11/25 v1.13 Implements pdfTeX's escape features (HO)
Package: bigintcalc 2012/04/08 v1.3 Expandable calculations on big integers (HO
)
Package: bitset 2011/01/30 v1.1 Handle bit-vector datatype (HO)
Package: uniquecounter 2011/01/30 v1.2 Provide unlimited unique counter (HO)
)
Package hobsub Info: Skipping package `hobsub' (already loaded).
Package: letltxmacro 2010/09/02 v1.4 Let assignment for LaTeX macros (HO)
Package: hopatch 2012/05/28 v1.2 Wrapper for package hooks (HO)
Package: xcolor-patch 2011/01/30 xcolor patch
Package: atveryend 2011/06/30 v1.8 Hooks at the very end of document (HO)
Package atveryend Info: \enddocument detected (standard20110627).
Package: atbegshi 2011/10/05 v1.16 At begin shipout hook (HO)
Package: refcount 2011/10/16 v3.4 Data extraction from label references (HO)
Package: hycolor 2011/01/30 v1.7 Color options for hyperref/bookmark (HO)
)
(/usr/share/texlive/texmf-dist/tex/generic/ifxetex/ifxetex.sty
Package: ifxetex 2010/09/12 v0.6 Provides ifxetex conditional
)
(/usr/share/texlive/texmf-dist/tex/latex/oberdiek/auxhook.sty
Package: auxhook 2011/03/04 v1.3 Hooks for auxiliary files (HO)
)
\@linkdim=\dimen145
\Hy@linkcounter=\count121
\Hy@pagecounter=\count122

(/usr/share/texlive/texmf-dist/tex/latex/hyperref/pd1enc.def
File: pd1enc.def 2012/11/06 v6.83m Hyperref: PDFDocEncoding definition (HO)
)
\Hy@SavedSpaceFactor=\count123

(/usr/share/texlive/texmf-dist/tex/latex/latexconfig/hyperref.cfg
File: hyperref.cfg 2002/06/06 v1.2 hyperref configuration of TeXLive
)
Package hyperref Info: Option `bookmarks' set `true' on input line 4319.
Package hyperref Info: Option `bookmarksopen' set `true' on input line 4319.
Package hyperref Info: Option `bookmarksnumbered' set `true' on input line 4319
.
Package hyperref Info: Option `hypertexnames' set `false' on input line 4319.
Package hyperref Info: Option `colorlinks' set `true' on input line 4319.
Package hyperref Info: Option `unicode' set `true' on input line 4319.

(/usr/share/texlive/texmf-dist/tex/latex/hyperref/puenc.def
File: puenc.def 2012/11/06 v6.83m Hyperref: PDF Unicode definition (HO)
)
Package hyperref Info: Option `breaklinks' set `true' on input line 4319.
Package hyperref Info: Hyper figures OFF on input line 4443.
Package hyperref Info: Link nesting OFF on input line 4448.
Package hyperref Info: Hyper index ON on input line 4451.
Package hyperref Info: Plain pages OFF on input line 4458.
Package hyperref Info: Backreferencing OFF on input line 4463.
Package hyperref Info: Implicit mode ON; LaTeX internals redefined.
Package hyperref Info: Bookmarks ON on input line 4688.
\c@Hy@tempcnt=\count124

(/usr/share/texlive/texmf-dist/tex/latex/url/url.sty
\Urlmuskip=\muskip11
Package: url 2013/09/16  ver 3.4  Verb mode for urls, etc.
)
LaTeX Info: Redefining \url on input line 5041.
\XeTeXLinkMargin=\dimen146
\Fld@menulength=\count125
\Field@Width=\dimen147
\Fld@charsize=\dimen148
Package hyperref Info: Hyper figures OFF on input line 6295.
Package hyperref Info: Link nesting OFF on input line 6300.
Package hyperref Info: Hyper index ON on input line 6303.
Package hyperref Info: backreferencing OFF on input line 6310.
Package hyperref Info: Link coloring ON on input line 6313.
Package hyperref Info: Link coloring with OCG OFF on input line 6320.
Package hyperref Info: PDF/A mode OFF on input line 6325.
LaTeX Info: Redefining \ref on input line 6365.
LaTeX Info: Redefining \pageref on input line 6369.
\Hy@abspage=\count126
\c@Item=\count127
\c@Hfootnote=\count128
)

Package hyperref Message: Driver (autodetected): hpdftex.

(/usr/share/texlive/texmf-dist/tex/latex/hyperref/hpdftex.def
File: hpdftex.def 2012/11/06 v6.83m Hyperref driver for pdfTeX
\Fld@listcount=\count129
\c@bookmark@seq@number=\count130

(/usr/share/texlive/texmf-dist/tex/latex/oberdiek/rerunfilecheck.sty
Package: rerunfilecheck 2011/04/15 v1.7 Rerun checks for auxiliary files (HO)
Package uniquecounter Info: New unique counter `rerunfilecheck' on input line 2
82.
)
\Hy@SectionHShift=\skip66
)
\c@dummy=\count131

(/usr/share/texlive/texmf-dist/tex/latex/tools/longtable.sty
Package: longtable 2014/10/28 v4.11 Multi-page Table package (DPC)
\LTleft=\skip67
\LTright=\skip68
\LTpre=\skip69
\LTpost=\skip70
\LTchunksize=\count132
\LTcapwidth=\dimen149
\LT@head=\box31
\LT@firsthead=\box32
\LT@foot=\box33
\LT@lastfoot=\box34
\LT@cols=\count133
\LT@rows=\count134
\c@LT@tables=\count135
\c@LT@chunks=\count136
\LT@p@ftn=\toks29
))
(/usr/share/texlive/texmf-dist/tex/latex/natbib/natbib.sty
Package: natbib 2010/09/13 8.31b (PWD, AO)
\bibhang=\skip71
\bibsep=\skip72
LaTeX Info: Redefining \cite on input line 694.
\c@NAT@ctr=\count137
)
(/usr/share/texlive/texmf-dist/tex/latex/tools/verbatim.sty
Package: verbatim 2014/10/28 v1.5q LaTeX2e package for verbatim enhancements
\every@verbatim=\toks30
\verbatim@line=\toks31
\verbatim@in@stream=\read1
) (./vector.sty
Package: vector 1994/09/16 v1.0 vector macros for LaTeX2e (nde)

(/usr/share/texlive/texmf-dist/tex/latex/tools/calc.sty
Package: calc 2014/10/28 v4.3 Infix arithmetic (KKT,FJ)
\calc@Acount=\count138
\calc@Bcount=\count139
\calc@Adimen=\dimen150
\calc@Bdimen=\dimen151
\calc@Askip=\skip73
\calc@Bskip=\skip74
LaTeX Info: Redefining \setlength on input line 80.
LaTeX Info: Redefining \addtolength on input line 81.
\calc@Ccount=\count140
\calc@Cskip=\skip75
)
\c@vec@elem=\count141
)
(/usr/share/texlive/texmf-dist/tex/latex/tools/array.sty
Package: array 2014/10/28 v2.4c Tabular extension package (FMi)
\col@sep=\dimen152
\extrarowheight=\dimen153
\NC@list=\toks32
\extratabsurround=\skip76
\backup@length=\skip77
)
(/usr/share/texlive/texmf-dist/tex/latex/mathtools/mathtools.sty
Package: mathtools 2015/11/12 v1.18 mathematical typesetting tools

(/usr/share/texlive/texmf-dist/tex/latex/mathtools/mhsetup.sty
Package: mhsetup 2010/01/21 v1.2a programming setup (MH)
)
LaTeX Info: Thecontrolsequence`\('isalreadyrobust on input line 129.
LaTeX Info: Thecontrolsequence`\)'isalreadyrobust on input line 129.
LaTeX Info: Thecontrolsequence`\['isalreadyrobust on input line 129.
LaTeX Info: Thecontrolsequence`\]'isalreadyrobust on input line 129.
\g_MT_multlinerow_int=\count142
\l_MT_multwidth_dim=\dimen154
\origjot=\skip78
\l_MT_shortvdotswithinadjustabove_dim=\dimen155
\l_MT_shortvdotswithinadjustbelow_dim=\dimen156
\l_MT_above_intertext_sep=\dimen157
\l_MT_below_intertext_sep=\dimen158
\l_MT_above_shortintertext_sep=\dimen159
\l_MT_below_shortintertext_sep=\dimen160
)
(/usr/share/texlive/texmf-dist/tex/latex/graphics/color.sty
Package: color 2016/01/03 v1.1b Standard LaTeX Color (DPC)

(/usr/share/texlive/texmf-dist/tex/latex/latexconfig/color.cfg
File: color.cfg 2007/01/18 v1.5 color configuration of teTeX/TeXLive
)
Package color Info: Driver file: pdftex.def on input line 143.
)
(/usr/share/texlive/texmf-dist/tex/latex/listings/lstlang1.sty
File: lstlang1.sty 2015/06/04 1.6 listings language file
)
Package hyperref Info: Option `colorlinks' set `true' on input line 41.


LaTeX Warning: Unused global option(s):
    [13pt].

(./Thesis.aux

LaTeX Warning: Label `eq:QIMEncoder' multiply defined.

)
\openout1 = `Thesis.aux'.

LaTeX Font Info:    Checking defaults for OML/cmm/m/it on input line 44.
LaTeX Font Info:    ... okay on input line 44.
LaTeX Font Info:    Checking defaults for T1/cmr/m/n on input line 44.
LaTeX Font Info:    ... okay on input line 44.
LaTeX Font Info:    Checking defaults for OT1/cmr/m/n on input line 44.
LaTeX Font Info:    ... okay on input line 44.
LaTeX Font Info:    Checking defaults for OMS/cmsy/m/n on input line 44.
LaTeX Font Info:    ... okay on input line 44.
LaTeX Font Info:    Checking defaults for OMX/cmex/m/n on input line 44.
LaTeX Font Info:    ... okay on input line 44.
LaTeX Font Info:    Checking defaults for U/cmr/m/n on input line 44.
LaTeX Font Info:    ... okay on input line 44.
LaTeX Font Info:    Checking defaults for PD1/pdf/m/n on input line 44.
LaTeX Font Info:    ... okay on input line 44.
LaTeX Font Info:    Checking defaults for PU/pdf/m/n on input line 44.
LaTeX Font Info:    ... okay on input line 44.
Package caption Info: Begin \AtBeginDocument code.
Package caption Info: hyperref package is loaded.
Package caption Info: listings package is loaded.
Package caption Info: longtable package is loaded.
 (/usr/share/texlive/texmf-dist/tex/latex/caption/ltcaption.sty
Package: ltcaption 2013/06/09 v1.4-94 longtable captions (AR)
)
Package caption Info: rotating package is loaded.
Package caption Info: subfigure package is loaded.
Package caption Info: End \AtBeginDocument code.

(/usr/share/texlive/texmf-dist/tex/context/base/supp-pdf.mkii
[Loading MPS to PDF converter (version 2006.09.02).]
\scratchcounter=\count143
\scratchdimen=\dimen161
\scratchbox=\box35
\nofMPsegments=\count144
\nofMParguments=\count145
\everyMPshowfont=\toks33
\MPscratchCnt=\count146
\MPscratchDim=\dimen162
\MPnumerator=\count147
\makeMPintoPDFobject=\count148
\everyMPtoPDFconversion=\toks34
)
\c@lstlisting=\count149
\AtBeginShipoutBox=\box36
Package hyperref Info: Link coloring ON on input line 44.
 (/usr/share/texlive/texmf-dist/tex/latex/hyperref/nameref.sty
Package: nameref 2012/10/27 v2.43 Cross-referencing by name of section

(/usr/share/texlive/texmf-dist/tex/generic/oberdiek/gettitlestring.sty
Package: gettitlestring 2010/12/03 v1.4 Cleanup title references (HO)
)
\c@section@level=\count150
)
LaTeX Info: Redefining \ref on input line 44.
LaTeX Info: Redefining \pageref on input line 44.
LaTeX Info: Redefining \nameref on input line 44.

(./Thesis.out) (./Thesis.out)
\@outlinefile=\write3
\openout3 = `Thesis.out'.


------------------------------------------------------------------------------
 Title Page
------------------------------------------------------------------------------
[1



{/var/lib/texmf/fonts/map/pdftex/updmap/pdftex.map}]
------------------------------------------------------------------------------
 Acknowledgements
------------------------------------------------------------------------------
[1

]
------------------------------------------------------------------------------
 Table of Contents
------------------------------------------------------------------------------
(./Thesis.toc
LaTeX Font Info:    Try loading font information for U+msa on input line 9.
 (/usr/share/texlive/texmf-dist/tex/latex/amsfonts/umsa.fd
File: umsa.fd 2013/01/14 v3.01 AMS symbols A
)
LaTeX Font Info:    Try loading font information for U+msb on input line 9.

(/usr/share/texlive/texmf-dist/tex/latex/amsfonts/umsb.fd
File: umsb.fd 2013/01/14 v3.01 AMS symbols B
) [2


])
\tf@toc=\write4
\openout4 = `Thesis.toc'.

 [3]
------------------------------------------------------------------------------
 List of Figures
------------------------------------------------------------------------------
(./Thesis.lof)
\tf@lof=\write5
\openout5 = `Thesis.lof'.

 [4


]
------------------------------------------------------------------------------
 List of Tables
------------------------------------------------------------------------------
(./Thesis.lot)
\tf@lot=\write6
\openout6 = `Thesis.lot'.

 [5


]
------------------------------------------------------------------------------
 Abbreviations
------------------------------------------------------------------------------
[6



]
------------------------------------------------------------------------------
 Abstract Page
------------------------------------------------------------------------------
[7


] [8] [9

] (./Chapters/Chapter1.tex
Chapter 1.
------------------------------------------------------------------------------
 1 Introduction
------------------------------------------------------------------------------
<images/monthly-online-listening.png, id=401, 1371.1225pt x 770.88pt>
File: images/monthly-online-listening.png Graphic file (type png)

<use images/monthly-online-listening.png>
Package pdftex.def Info: images/monthly-online-listening.png used on input line
 7.
(pdftex.def)             Requested size: 417.47307pt x 234.71225pt.
 [1



 <./images/monthly-online-listening.png>] <images/monthly-weekly.png, id=414, 1
371.1225pt x 770.88pt>
File: images/monthly-weekly.png Graphic file (type png)

<use images/monthly-weekly.png>
Package pdftex.def Info: images/monthly-weekly.png used on input line 31.
(pdftex.def)             Requested size: 417.47307pt x 234.71225pt.


LaTeX Warning: `h' float specifier changed to `ht'.

[2] [3 <./images/monthly-weekly.png>] [4]
LaTeX Font Info:    Try loading font information for OMS+cmr on input line 56.

(/usr/share/texlive/texmf-dist/tex/latex/base/omscmr.fd
File: omscmr.fd 2014/09/29 v2.5h Standard LaTeX font definitions
)
LaTeX Font Info:    Font shape `OMS/cmr/m/n' in size <10.95> not available
(Font)              Font shape `OMS/cmsy/m/n' tried instead on input line 56.
 [5]
Package epstopdf Info: Source file: <drawing-2.eps>
(epstopdf)                    date: 2016-07-08 15:25:05
(epstopdf)                    size: 22924 bytes
(epstopdf)             Output file: <drawing-2-eps-converted-to.pdf>
(epstopdf)                    date: 2016-07-08 15:25:06
(epstopdf)                    size: 11016 bytes
(epstopdf)             Command: <repstopdf --outfile=drawing-2-eps-converted-to
.pdf drawing-2.eps>
(epstopdf)             \includegraphics on input line 72.
Package epstopdf Info: Output file is already uptodate.

<drawing-2-eps-converted-to.pdf, id=438, 410.53375pt x 571.13374pt>
File: drawing-2-eps-converted-to.pdf Graphic file (type pdf)

<use drawing-2-eps-converted-to.pdf>
Package pdftex.def Info: drawing-2-eps-converted-to.pdf used on input line 72.
(pdftex.def)             Requested size: 410.53275pt x 571.13235pt.
) (./Chapters/Chapter2.tex [6] [7 <./drawing-2-eps-converted-to.pdf>]
Chapter 2.
------------------------------------------------------------------------------
 2 Background and Key Principle
------------------------------------------------------------------------------
[8

]
Missing character: There is no ‚ in font cmr10!
Missing character: There is no à in font cmr10!
Missing character: There is no í in font cmr10!
 [9] [10]

Package natbib Warning: Citation `QIMtwice' on page 11 undefined on input line 
82.

Missing character: There is no œ in font cmr10!
Missing character: There is no Ü in font cmr10!
Missing character: There is no œ in font cmr10!
Missing character: There is no Ü in font cmr10!
[11]
Missing character: There is no ‚ in font cmr10!
Missing character: There is no Ä in font cmr10!
Missing character: There is no ò in font cmr10!
Missing character: There is no ‚ in font cmr10!
Missing character: There is no Ä in font cmr10!
Missing character: There is no ô in font cmr10!
Missing character: There is no ‚ in font cmr10!
Missing character: There is no Ä in font cmr10!
Missing character: There is no ò in font cmr10!
Missing character: There is no ‚ in font cmr10!
Missing character: There is no Ä in font cmr10!
Missing character: There is no ô in font cmr10!
 [12]
Package epstopdf Info: Source file: <PM_Scheme.eps>
(epstopdf)                    date: 2015-06-21 13:42:18
(epstopdf)                    size: 144902 bytes
(epstopdf)             Output file: <PM_Scheme-eps-converted-to.pdf>
(epstopdf)                    date: 2016-07-09 13:52:51
(epstopdf)                    size: 51172 bytes
(epstopdf)             Command: <repstopdf --outfile=PM_Scheme-eps-converted-to
.pdf PM_Scheme.eps>
(epstopdf)             \includegraphics on input line 146.
Package epstopdf Info: Output file is already uptodate.
 <PM_Scheme-eps-converted-to.pdf, id=506, 526.96875pt x 240.9pt>
File: PM_Scheme-eps-converted-to.pdf Graphic file (type pdf)

<use PM_Scheme-eps-converted-to.pdf>
Package pdftex.def Info: PM_Scheme-eps-converted-to.pdf used on input line 146.

(pdftex.def)             Requested size: 417.47307pt x 190.85292pt.
 [13 <./PM_Scheme-eps-converted-to.pdf>]
[14]
Missing character: There is no ‚ in font cmr10!
Missing character: There is no Ä in font cmr10!
Missing character: There is no î in font cmr10!
Missing character: There is no ‚ in font cmr10!
Missing character: There is no Ä in font cmr10!
Missing character: There is no î in font cmr10!
 [15]
Package epstopdf Info: Source file: <goroutine.eps>
(epstopdf)                    date: 2016-07-09 21:15:36
(epstopdf)                    size: 14028 bytes
(epstopdf)             Output file: <goroutine-eps-converted-to.pdf>
(epstopdf)                    date: 2016-07-09 21:17:31
(epstopdf)                    size: 7757 bytes
(epstopdf)             Command: <repstopdf --outfile=goroutine-eps-converted-to
.pdf goroutine.eps>
(epstopdf)             \includegraphics on input line 201.
Package epstopdf Info: Output file is already uptodate.
 <goroutine-eps-converted-to.pdf, id=537, 557.08125pt x 98.3675pt>
File: goroutine-eps-converted-to.pdf Graphic file (type pdf)

<use goroutine-eps-converted-to.pdf>
Package pdftex.def Info: goroutine-eps-converted-to.pdf used on input line 201.

(pdftex.def)             Requested size: 417.47307pt x 73.71687pt.
) (./Chapters/Chapter3.tex [16 <./goroutine-eps-converted-to.pdf>]
Chapter 3.
------------------------------------------------------------------------------
 3 Audio Data Hiding based on Dynamic Phase Coding
------------------------------------------------------------------------------
[17

]
Package epstopdf Info: Source file: <QIMDemo_v1.eps>
(epstopdf)                    date: 2015-02-11 08:42:20
(epstopdf)                    size: 102477 bytes
(epstopdf)             Output file: <QIMDemo_v1-eps-converted-to.pdf>
(epstopdf)                    date: 2016-07-11 01:16:02
(epstopdf)                    size: 34542 bytes
(epstopdf)             Command: <repstopdf --outfile=QIMDemo_v1-eps-converted-t
o.pdf QIMDemo_v1.eps>
(epstopdf)             \includegraphics on input line 12.
Package epstopdf Info: Output file is already uptodate.
 <QIMDemo_v1-eps-converted-to.pdf, id=553, 337.26pt x 153.57375pt>
File: QIMDemo_v1-eps-converted-to.pdf Graphic file (type pdf)

<use QIMDemo_v1-eps-converted-to.pdf>
Package pdftex.def Info: QIMDemo_v1-eps-converted-to.pdf used on input line 12.

(pdftex.def)             Requested size: 375.7232pt x 171.0922pt.
 [18 <./QIMDemo_v1-eps-converted-to.pdf>]
[19] [20]
Package epstopdf Info: Source file: <Illustrative_Example.eps>
(epstopdf)                    date: 2015-05-22 15:13:20
(epstopdf)                    size: 302575 bytes
(epstopdf)             Output file: <Illustrative_Example-eps-converted-to.pdf>

(epstopdf)                    date: 2016-07-12 00:54:58
(epstopdf)                    size: 86132 bytes
(epstopdf)             Command: <repstopdf --outfile=Illustrative_Example-eps-c
onverted-to.pdf Illustrative_Example.eps>
(epstopdf)             \includegraphics on input line 74.
Package epstopdf Info: Output file is already uptodate.

<Illustrative_Example-eps-converted-to.pdf, id=587, 538.01pt x 498.86375pt>
File: Illustrative_Example-eps-converted-to.pdf Graphic file (type pdf)

<use Illustrative_Example-eps-converted-to.pdf>
Package pdftex.def Info: Illustrative_Example-eps-converted-to.pdf used on inpu
t line 74.
(pdftex.def)             Requested size: 417.47307pt x 387.10258pt.
Package epstopdf Info: Source file: <ProposedScheme.eps>
(epstopdf)                    date: 2015-02-26 17:48:06
(epstopdf)                    size: 112609 bytes
(epstopdf)             Output file: <ProposedScheme-eps-converted-to.pdf>
(epstopdf)                    date: 2016-07-12 22:21:07
(epstopdf)                    size: 40180 bytes
(epstopdf)             Command: <repstopdf --outfile=ProposedScheme-eps-convert
ed-to.pdf ProposedScheme.eps>
(epstopdf)             \includegraphics on input line 87.
Package epstopdf Info: Output file is already uptodate.

<ProposedScheme-eps-converted-to.pdf, id=588, 792.9625pt x 442.65375pt>
File: ProposedScheme-eps-converted-to.pdf Graphic file (type pdf)

<use ProposedScheme-eps-converted-to.pdf>
Package pdftex.def Info: ProposedScheme-eps-converted-to.pdf used on input line
 87.
(pdftex.def)             Requested size: 417.47307pt x 233.0451pt.
 [21 <./Illustrative_Example-eps-converted-to.pdf>] [22 <./ProposedScheme-eps-c
onverted-to.pdf>] [23] [24]
Missing character: There is no ‚ in font cmr10!
Missing character: There is no à in font cmr10!
Missing character: There is no í in font cmr10!
 [25]
<images/cdrmarkstream.png, id=635, 1371.1225pt x 737.75626pt>
File: images/cdrmarkstream.png Graphic file (type png)

<use images/cdrmarkstream.png>
Package pdftex.def Info: images/cdrmarkstream.png used on input line 179.
(pdftex.def)             Requested size: 417.47307pt x 224.62695pt.
 [26 <./images/cdrmarkstream.png>])
(./Chapters/Chapter4.tex [27]
Chapter 4.
------------------------------------------------------------------------------
 4 Proposed System
------------------------------------------------------------------------------
[28

]
Missing character: There is no ‚ in font cmr10!
Missing character: There is no Ä in font cmr10!
Missing character: There is no ô in font cmr10!
 [29]
Package epstopdf Info: Source file: <system.eps>
(epstopdf)                    date: 2016-07-16 11:33:25
(epstopdf)                    size: 25084 bytes
(epstopdf)             Output file: <system-eps-converted-to.pdf>
(epstopdf)                    date: 2016-07-16 11:34:36
(epstopdf)                    size: 10126 bytes
(epstopdf)             Command: <repstopdf --outfile=system-eps-converted-to.pd
f system.eps>
(epstopdf)             \includegraphics on input line 15.
Package epstopdf Info: Output file is already uptodate.
 <system-eps-converted-to.pdf, id=655, 315.1775pt x 112.42pt>
File: system-eps-converted-to.pdf Graphic file (type pdf)

<use system-eps-converted-to.pdf>
Package pdftex.def Info: system-eps-converted-to.pdf used on input line 15.
(pdftex.def)             Requested size: 375.7232pt x 134.02332pt.
 [30 <./system-eps-converted-to.pdf>] [31]
Package epstopdf Info: Source file: <client.eps>
(epstopdf)                    date: 2016-07-16 13:45:24
(epstopdf)                    size: 22312 bytes
(epstopdf)             Output file: <client-eps-converted-to.pdf>
(epstopdf)                    date: 2016-07-16 13:45:28
(epstopdf)                    size: 10612 bytes
(epstopdf)             Command: <repstopdf --outfile=client-eps-converted-to.pd
f client.eps>
(epstopdf)             \includegraphics on input line 31.
Package epstopdf Info: Output file is already uptodate.

<client-eps-converted-to.pdf, id=678, 459.7175pt x 253.94875pt>
File: client-eps-converted-to.pdf Graphic file (type pdf)

<use client-eps-converted-to.pdf>
Package pdftex.def Info: client-eps-converted-to.pdf used on input line 31.
(pdftex.def)             Requested size: 375.7232pt x 207.5612pt.
 [32 <./client-eps-converted-to.pdf>]
Package epstopdf Info: Source file: <inputprocess.eps>
(epstopdf)                    date: 2016-07-17 11:55:39
(epstopdf)                    size: 16020 bytes
(epstopdf)             Output file: <inputprocess-eps-converted-to.pdf>
(epstopdf)                    date: 2016-07-17 11:56:59
(epstopdf)                    size: 8465 bytes
(epstopdf)             Command: <repstopdf --outfile=inputprocess-eps-converted
-to.pdf inputprocess.eps>
(epstopdf)             \includegraphics on input line 58.
Package epstopdf Info: Output file is already uptodate.

<inputprocess-eps-converted-to.pdf, id=695, 585.18625pt x 58.2175pt>
File: inputprocess-eps-converted-to.pdf Graphic file (type pdf)

<use inputprocess-eps-converted-to.pdf>
Package pdftex.def Info: inputprocess-eps-converted-to.pdf used on input line 5
8.
(pdftex.def)             Requested size: 375.7232pt x 37.38075pt.
Package epstopdf Info: Source file: <watermarkingprocess.eps>
(epstopdf)                    date: 2016-07-17 13:35:01
(epstopdf)                    size: 20025 bytes
(epstopdf)             Output file: <watermarkingprocess-eps-converted-to.pdf>
(epstopdf)                    date: 2016-07-17 13:35:49
(epstopdf)                    size: 9803 bytes
(epstopdf)             Command: <repstopdf --outfile=watermarkingprocess-eps-co
nverted-to.pdf watermarkingprocess.eps>
(epstopdf)             \includegraphics on input line 66.
Package epstopdf Info: Output file is already uptodate.

<watermarkingprocess-eps-converted-to.pdf, id=696, 484.81125pt x 506.89375pt>
File: watermarkingprocess-eps-converted-to.pdf Graphic file (type pdf)

<use watermarkingprocess-eps-converted-to.pdf>
Package pdftex.def Info: watermarkingprocess-eps-converted-to.pdf used on input
 line 66.
(pdftex.def)             Requested size: 375.7232pt x 392.85406pt.
 [33 <./inputprocess-eps-converted-to.pdf>]
Missing character: There is no ‚ in font cmr10!
Missing character: There is no Ä in font cmr10!
Missing character: There is no ô in font cmr10!
 [34 <./watermarkingprocess-eps-converted-to.pdf>] [35] [36] [37])
(./Chapters/Chapter5.tex [38]
Chapter 5.
------------------------------------------------------------------------------
 5 Conclusion
------------------------------------------------------------------------------
[39

] [40]) [41]
Underfull \hbox (badness 10000) in paragraph at lines 198--201
\OT1/cmtt/m/n/10.95 http://xappmedia.com/wp-content/uploads/2015/01/Internet-Ra
dio-
 []


Underfull \hbox (badness 10000) in paragraph at lines 203--206
\OT1/cmtt/m/n/10.95 https://xappmedia.com/download-internet-radio-ad-load-repor
t-2015/
 []


Underfull \hbox (badness 2050) in paragraph at lines 218--221
\OT1/cmtt/m/n/10.95 https://en.wikipedia.org/wiki/Auditory[]system \OT1/cmr/m/n
/10.95 [On-line, ac-cessed 20-July-
 []

Missing character: There is no ‚ in font cmr10!
Missing character: There is no Ä in font cmr10!
Missing character: There is no ú in font cmr10!
Missing character: There is no ‚ in font cmr10!
Missing character: There is no Ä in font cmr10!
Missing character: There is no ù in font cmr10!
Missing character: There is no ‚ in font cmr10!
Missing character: There is no Ä in font cmr10!
Missing character: There is no ì in font cmr10!
Missing character: There is no ‚ in font cmr10!
Missing character: There is no Ä in font cmr10!
Missing character: There is no ì in font cmr10!
[42

]
Missing character: There is no ‚ in font cmr10!
Missing character: There is no Ä in font cmr10!
Missing character: There is no ì in font cmr10!
Missing character: There is no ‚ in font cmr10!
Missing character: There is no Ä in font cmr10!
Missing character: There is no ì in font cmr10!
Missing character: There is no ‚ in font cmr10!
Missing character: There is no Ä in font cmr10!
Missing character: There is no ì in font cmr10!
 [43]
Overfull \hbox (59.4553pt too wide) in paragraph at lines 290--292
\OT1/cmtt/m/n/10.95 https://xappmedia.com/triton-data-shows-continued-rise-inte
rnet-radio-listening/ 
 []


Overfull \hbox (111.1935pt too wide) in paragraph at lines 294--296
\OT1/cmtt/m/n/10.95 https://xappmedia.com/edison-research-internet-radio-weekly
-listeners-half-us-population/ 
 []

Missing character: There is no ‚ in font cmr10!
Missing character: There is no Ä in font cmr10!
Missing character: There is no ì in font cmr10!

Overfull \hbox (36.46056pt too wide) in paragraph at lines 304--307
\OT1/cmtt/m/n/10.95 http://www.eurasip.org/Proceedings/Eusipco/Eusipco2015/pape
rs/1570104339.pdf 
 []

(./Appendices/AppendixA.tex [44]
Appendix A.
------------------------------------------------------------------------------
 A Appendix
------------------------------------------------------------------------------
[45

] [46] <images/relation-monthly-mobile.png, id=874, 1371.1225pt x 770.88pt>
File: images/relation-monthly-mobile.png Graphic file (type png)

<use images/relation-monthly-mobile.png>
Package pdftex.def Info: images/relation-monthly-mobile.png used on input line 
104.
(pdftex.def)             Requested size: 417.47307pt x 234.71225pt.
 [47]
<images/weekly-online-listening.png, id=917, 1371.1225pt x 770.88pt>
File: images/weekly-online-listening.png Graphic file (type png)

<use images/weekly-online-listening.png>
Package pdftex.def Info: images/weekly-online-listening.png used on input line 
110.
(pdftex.def)             Requested size: 417.47307pt x 234.71225pt.

<images/time-weekly.png, id=920, 1371.1225pt x 770.88pt>
File: images/time-weekly.png Graphic file (type png)

<use images/time-weekly.png>
Package pdftex.def Info: images/time-weekly.png used on input line 116.
(pdftex.def)             Requested size: 417.47307pt x 234.71225pt.


LaTeX Warning: `h' float specifier changed to `ht'.

<images/internet-radio-revenue.png, id=923, 1371.1225pt x 770.88pt>
File: images/internet-radio-revenue.png Graphic file (type png)

<use images/internet-radio-revenue.png>
Package pdftex.def Info: images/internet-radio-revenue.png used on input line 1
22.
(pdftex.def)             Requested size: 417.47307pt x 234.71225pt.


LaTeX Warning: `h' float specifier changed to `ht'.

<images/bdrmarkstream.png, id=926, 1371.1225pt x 723.70375pt>
File: images/bdrmarkstream.png Graphic file (type png)

<use images/bdrmarkstream.png>
Package pdftex.def Info: images/bdrmarkstream.png used on input line 128.
(pdftex.def)             Requested size: 417.47307pt x 220.34834pt.


LaTeX Warning: `h' float specifier changed to `ht'.

) [48 <./images/relation-monthly-mobile.png> <./images/weekly-online-listening.
png>] [49 <./images/time-weekly.png> <./images/internet-radio-revenue.png>]
[50 <./images/bdrmarkstream.png>]
------------------------------------------------------------------------------
 Bibliography
------------------------------------------------------------------------------

Package natbib Warning: There were undefined citations.

Package atveryend Info: Empty hook `BeforeClearDocument' on input line 333.
Package atveryend Info: Empty hook `AfterLastShipout' on input line 333.
(./Thesis.aux)
Package atveryend Info: Executing hook `AtVeryEndDocument' on input line 333.
Package atveryend Info: Executing hook `AtEndAfterFileList' on input line 333.
Package rerunfilecheck Info: File `Thesis.out' has not changed.
(rerunfilecheck)             Checksum: 6847BC5569B32F1408F13BA455340EE2;9993.


LaTeX Warning: There were multiply-defined labels.

Package atveryend Info: Empty hook `AtVeryVeryEnd' on input line 333.
 ) 
Here is how much of TeX's memory you used:
 14166 strings out of 494953
 202419 string characters out of 6180977
 361700 words of memory out of 5000000
 16909 multiletter control sequences out of 15000+600000
 12647 words of font info for 47 fonts, out of 8000000 for 9000
 14 hyphenation exceptions out of 8191
 49i,16n,45p,2281b,1781s stack positions out of 5000i,500n,10000p,200000b,80000s
</usr/share/texlive/texmf-dist/fonts/type1/public/amsfonts/cm/cmbx10.pfb></us
r/share/texlive/texmf-dist/fonts/type1/public/amsfonts/cm/cmbx12.pfb></usr/shar
e/texlive/texmf-dist/fonts/type1/public/amsfonts/cm/cmcsc10.pfb></usr/share/tex
live/texmf-dist/fonts/type1/public/amsfonts/cm/cmex10.pfb></usr/share/texlive/t
exmf-dist/fonts/type1/public/amsfonts/cm/cmmi10.pfb></usr/share/texlive/texmf-d
ist/fonts/type1/public/amsfonts/cm/cmmi6.pfb></usr/share/texlive/texmf-dist/fon
ts/type1/public/amsfonts/cm/cmmi8.pfb></usr/share/texlive/texmf-dist/fonts/type
1/public/amsfonts/cm/cmr10.pfb></usr/share/texlive/texmf-dist/fonts/type1/publi
c/amsfonts/cm/cmr12.pfb></usr/share/texlive/texmf-dist/fonts/type1/public/amsfo
nts/cm/cmr17.pfb></usr/share/texlive/texmf-dist/fonts/type1/public/amsfonts/cm/
cmr8.pfb></usr/share/texlive/texmf-dist/fonts/type1/public/amsfonts/cm/cmsy10.p
fb></usr/share/texlive/texmf-dist/fonts/type1/public/amsfonts/cm/cmsy8.pfb></us
r/share/texlive/texmf-dist/fonts/type1/public/amsfonts/cm/cmti10.pfb></usr/shar
e/texlive/texmf-dist/fonts/type1/public/amsfonts/cm/cmti12.pfb></usr/share/texl
ive/texmf-dist/fonts/type1/public/amsfonts/cm/cmtt10.pfb></usr/share/texlive/te
xmf-dist/fonts/type1/public/amsfonts/symbols/msam10.pfb>
Output written on Thesis.pdf (60 pages, 2586580 bytes).
PDF statistics:
 1064 PDF objects out of 1200 (max. 8388607)
 926 compressed objects within 10 object streams
 318 named destinations out of 1000 (max. 500000)
 539 words of extra memory for PDF output out of 10000 (max. 10000000)

